# JRE version: Java(TM) SE Runtime Environment (14.0.2+12) (build 14.0.2+12-46)
# Java VM: Java HotSpot(TM) 64-Bit Server VM (14.0.2+12-46, mixed mode, sharing, tiered, compressed oops, g1 gc, windows-amd64)
Heap:
 garbage-first heap   total 82944K, used 36530K [0x0000000704a00000, 0x0000000800000000)
  region size 1024K, 10 young (10240K), 2 survivors (2048K)
 Metaspace       used 64934K, capacity 66970K, committed 67200K, reserved 1107968K
  class space    used 8295K, capacity 9063K, committed 9088K, reserved 1048576K
GC Heap History (20 events):
Event: 82911.184 GC heap before
{Heap before GC invocations=25 (full 0):
 garbage-first heap   total 82944K, used 68172K [0x0000000704a00000, 0x0000000800000000)
  region size 1024K, 40 young (40960K), 2 survivors (2048K)
 Metaspace       used 64876K, capacity 66840K, committed 66944K, reserved 1107968K
  class space    used 8290K, capacity 9063K, committed 9088K, reserved 1048576K
}
Event: 82911.188 GC heap after
{Heap after GC invocations=26 (full 0):
 garbage-first heap   total 82944K, used 29303K [0x0000000704a00000, 0x0000000800000000)
  region size 1024K, 2 young (2048K), 2 survivors (2048K)
 Metaspace       used 64876K, capacity 66840K, committed 66944K, reserved 1107968K
  class space    used 8290K, capacity 9063K, committed 9088K, reserved 1048576K
}
Event: 82912.518 GC heap before
{Heap before GC invocations=26 (full 0):
 garbage-first heap   total 82944K, used 68215K [0x0000000704a00000, 0x0000000800000000)
  region size 1024K, 40 young (40960K), 2 survivors (2048K)
 Metaspace       used 64878K, capacity 66841K, committed 66944K, reserved 1107968K
  class space    used 8290K, capacity 9063K, committed 9088K, reserved 1048576K
}
Event: 82912.521 GC heap after
{Heap after GC invocations=27 (full 0):
 garbage-first heap   total 82944K, used 29267K [0x0000000704a00000, 0x0000000800000000)
  region size 1024K, 2 young (2048K), 2 survivors (2048K)
 Metaspace       used 64878K, capacity 66841K, committed 66944K, reserved 1107968K
  class space    used 8290K, capacity 9063K, committed 9088K, reserved 1048576K
}
Event: 82913.627 GC heap before
{Heap before GC invocations=27 (full 0):
 garbage-first heap   total 82944K, used 69203K [0x0000000704a00000, 0x0000000800000000)
  region size 1024K, 41 young (41984K), 2 survivors (2048K)
 Metaspace       used 64888K, capacity 66905K, committed 66944K, reserved 1107968K
  class space    used 8290K, capacity 9063K, committed 9088K, reserved 1048576K
}
Event: 82913.633 GC heap after
{Heap after GC invocations=28 (full 0):
 garbage-first heap   total 82944K, used 29270K [0x0000000704a00000, 0x0000000800000000)
  region size 1024K, 2 young (2048K), 2 survivors (2048K)
 Metaspace       used 64888K, capacity 66905K, committed 66944K, reserved 1107968K
  class space    used 8290K, capacity 9063K, committed 9088K, reserved 1048576K
}
Event: 82916.990 GC heap before
{Heap before GC invocations=28 (full 0):
 garbage-first heap   total 82944K, used 69206K [0x0000000704a00000, 0x0000000800000000)
  region size 1024K, 41 young (41984K), 2 survivors (2048K)
 Metaspace       used 64888K, capacity 66905K, committed 66944K, reserved 1107968K
  class space    used 8290K, capacity 9063K, committed 9088K, reserved 1048576K
}
Event: 82916.993 GC heap after
{Heap after GC invocations=29 (full 0):
 garbage-first heap   total 82944K, used 29325K [0x0000000704a00000, 0x0000000800000000)
  region size 1024K, 2 young (2048K), 2 survivors (2048K)
 Metaspace       used 64888K, capacity 66905K, committed 66944K, reserved 1107968K
  class space    used 8290K, capacity 9063K, committed 9088K, reserved 1048576K
}
Event: 82918.342 GC heap before
{Heap before GC invocations=29 (full 0):
 garbage-first heap   total 82944K, used 69261K [0x0000000704a00000, 0x0000000800000000)
  region size 1024K, 41 young (41984K), 2 survivors (2048K)
 Metaspace       used 64892K, capacity 66905K, committed 66944K, reserved 1107968K
  class space    used 8290K, capacity 9063K, committed 9088K, reserved 1048576K
}
Event: 82918.346 GC heap after
{Heap after GC invocations=30 (full 0):
 garbage-first heap   total 82944K, used 29290K [0x0000000704a00000, 0x0000000800000000)
  region size 1024K, 2 young (2048K), 2 survivors (2048K)
 Metaspace       used 64892K, capacity 66905K, committed 66944K, reserved 1107968K
  class space    used 8290K, capacity 9063K, committed 9088K, reserved 1048576K
}
Event: 82919.565 GC heap before
{Heap before GC invocations=30 (full 0):
 garbage-first heap   total 82944K, used 69226K [0x0000000704a00000, 0x0000000800000000)
  region size 1024K, 41 young (41984K), 2 survivors (2048K)
 Metaspace       used 64897K, capacity 66905K, committed 66944K, reserved 1107968K
  class space    used 8292K, capacity 9063K, committed 9088K, reserved 1048576K
}
Event: 82919.568 GC heap after
{Heap after GC invocations=31 (full 0):
 garbage-first heap   total 82944K, used 29314K [0x0000000704a00000, 0x0000000800000000)
  region size 1024K, 2 young (2048K), 2 survivors (2048K)
 Metaspace       used 64897K, capacity 66905K, committed 66944K, reserved 1107968K
  class space    used 8292K, capacity 9063K, committed 9088K, reserved 1048576K
}
Event: 82922.292 GC heap before
{Heap before GC invocations=31 (full 0):
 garbage-first heap   total 82944K, used 69250K [0x0000000704a00000, 0x0000000800000000)
  region size 1024K, 41 young (41984K), 2 survivors (2048K)
 Metaspace       used 64898K, capacity 66905K, committed 66944K, reserved 1107968K
  class space    used 8293K, capacity 9063K, committed 9088K, reserved 1048576K
}
Event: 82922.295 GC heap after
{Heap after GC invocations=32 (full 0):
 garbage-first heap   total 82944K, used 29396K [0x0000000704a00000, 0x0000000800000000)
  region size 1024K, 2 young (2048K), 2 survivors (2048K)
 Metaspace       used 64898K, capacity 66905K, committed 66944K, reserved 1107968K
  class space    used 8293K, capacity 9063K, committed 9088K, reserved 1048576K
}
Event: 82926.160 GC heap before
{Heap before GC invocations=32 (full 0):
 garbage-first heap   total 82944K, used 69332K [0x0000000704a00000, 0x0000000800000000)
  region size 1024K, 41 young (41984K), 2 survivors (2048K)
 Metaspace       used 64904K, capacity 66906K, committed 66944K, reserved 1107968K
  class space    used 8293K, capacity 9063K, committed 9088K, reserved 1048576K
}
Event: 82926.164 GC heap after
{Heap after GC invocations=33 (full 0):
 garbage-first heap   total 82944K, used 29375K [0x0000000704a00000, 0x0000000800000000)
  region size 1024K, 2 young (2048K), 2 survivors (2048K)
 Metaspace       used 64904K, capacity 66906K, committed 66944K, reserved 1107968K
  class space    used 8293K, capacity 9063K, committed 9088K, reserved 1048576K
}
Event: 82930.801 GC heap before
{Heap before GC invocations=33 (full 0):
 garbage-first heap   total 82944K, used 69311K [0x0000000704a00000, 0x0000000800000000)
  region size 1024K, 41 young (41984K), 2 survivors (2048K)
 Metaspace       used 64930K, capacity 66970K, committed 67200K, reserved 1107968K
  class space    used 8295K, capacity 9063K, committed 9088K, reserved 1048576K
}
Event: 82930.803 GC heap after
{Heap after GC invocations=34 (full 0):
 garbage-first heap   total 82944K, used 29347K [0x0000000704a00000, 0x0000000800000000)
  region size 1024K, 2 young (2048K), 2 survivors (2048K)
 Metaspace       used 64930K, capacity 66970K, committed 67200K, reserved 1107968K
  class space    used 8295K, capacity 9063K, committed 9088K, reserved 1048576K
}
Event: 82932.741 GC heap before
{Heap before GC invocations=34 (full 0):
 garbage-first heap   total 82944K, used 69283K [0x0000000704a00000, 0x0000000800000000)
  region size 1024K, 41 young (41984K), 2 survivors (2048K)
 Metaspace       used 64934K, capacity 66970K, committed 67200K, reserved 1107968K
  class space    used 8295K, capacity 9063K, committed 9088K, reserved 1048576K
}
Event: 82932.770 GC heap after
{Heap after GC invocations=35 (full 0):
 garbage-first heap   total 82944K, used 29362K [0x0000000704a00000, 0x0000000800000000)
  region size 1024K, 2 young (2048K), 2 survivors (2048K)
 Metaspace       used 64934K, capacity 66970K, committed 67200K, reserved 1107968K
  class space    used 8295K, capacity 9063K, committed 9088K, reserved 1048576K
}

